<?xml version="1.0" encoding="UTF-8"?>
<!-- Generated by org.testng.reporters.JUnitReportReporter -->
<testsuite hostname="ALis-MacBook-Pro.local" failures="0" tests="2" name="testCases.TC_VideoGameAPI" time="4.151" errors="0" timestamp="2022-04-09T12:49:42 PDT" skipped="0">
  <testcase classname="testCases.TC_VideoGameAPI" name="Get_method" time="3.683"/>
  <system-out/>
  <testcase classname="testCases.TC_VideoGameAPI" name="Post_method" time="0.468"/>
  <system-out/>
</testsuite> <!-- testCases.TC_VideoGameAPI -->
